UG to STEP
! INFO-     NX STEP AP214 - V8.5
! INFO-      
! INFO-     Start of Translation: 24-MAR-2020  1:22:18 PM
! INFO-      
! STATUS-   Converting Part: E:\AltiumDesigner_LIB\STP_UG\JDY-08.prt
! SUMMARY-   
! SUMMARY-  Summary of Unigraphics Part Entities
! SUMMARY-  For Part: E:\AltiumDesigner_LIB\STP_UG\JDY-08.prt 
! SUMMARY-  Entities Processed             Count
! SUMMARY-  ------------------             -----
! SUMMARY-  Part Attribute ..............:     1
! SUMMARY-  Font ........................:     1
! SUMMARY-  Color Table .................:     2
! SUMMARY-  Coordinate System ...........:     2
! SUMMARY-  Parameter ...................:     1
! SUMMARY-  Matrix ......................:     1
! SUMMARY-  Solid .......................:
! SUMMARY-     Body .....................:   141
! SUMMARY-                                 -----
! SUMMARY-  Total                            149
! STATUS-    
! STATUS-   Converting to Output Form (Phase 2 of 3): 24-MAR-2020 1:22:18 PM
! STATUS-    
! STATUS-    
! STATUS-   Generating UG geometry and placing them in parts
! STATUS-    
! SUMMARY-   
! SUMMARY-    STEP Header Information
! SUMMARY-   
! SUMMARY-  Description      Unknown
! SUMMARY-  Imp_Level        1
! SUMMARY-  File_Name        JDY-08.stp
! SUMMARY-  Date             2020-03-24T13:22:18+08:00
! SUMMARY-  Author           Unknown
! SUMMARY-  Organization     Unknown
! SUMMARY-  Pre_Version      ST-DEVELOPER v15
! SUMMARY-  Orig_System      SIEMENS PLM Software NX 8.5
! SUMMARY-  Authorization    Unknown
! SUMMARY-   
! SUMMARY-    Summary of STEP Entities
! SUMMARY-   
! SUMMARY-  Entity Type                                                   Count
! SUMMARY-  -----------                                                   ------
! SUMMARY-  advanced_brep_shape_representation .........................:      1
! SUMMARY-  advanced_face ..............................................:   1218
! SUMMARY-  application_context ........................................:      1
! SUMMARY-  application_protocol_definition ............................:      1
! SUMMARY-  axis2_placement_3d .........................................:   1172
! SUMMARY-  b_spline_curve_with_knots ..................................:   1030
! SUMMARY-  cartesian_point ............................................:  10211
! SUMMARY-  circle .....................................................:    174
! SUMMARY-  closed_shell ...............................................:    141
! SUMMARY-  conversion_based_unit_and_plane_angle_unit .................:      1
! SUMMARY-  cylindrical_surface ........................................:     85
! SUMMARY-  dimensional_exponents ......................................:      1
! SUMMARY-  direction ..................................................:   4366
! SUMMARY-  edge_curve .................................................:   2784
! SUMMARY-  edge_loop ..................................................:   1244
! SUMMARY-  face_bound .................................................:     51
! SUMMARY-  face_outer_bound ...........................................:   1193
! SUMMARY-  geometric_representation_context_and_global_uncertainty_a ..:      1
! SUMMARY-  length_unit_and_si_unit ....................................:      1
! SUMMARY-  line .......................................................:   1801
! SUMMARY-  manifold_solid_brep ........................................:    141
! SUMMARY-  oriented_edge ..............................................:   5568
! SUMMARY-  plane ......................................................:    908
! SUMMARY-  plane_angle_measure_with_unit ..............................:      1
! SUMMARY-  plane_angle_unit_and_si_unit ...............................:      1
! SUMMARY-  product ....................................................:      1
! SUMMARY-  product_context ............................................:      1
! SUMMARY-  product_definition .........................................:      1
! SUMMARY-  product_definition_context .................................:      1
! SUMMARY-  product_definition_formation_with_specified_source .........:      1
! SUMMARY-  product_definition_shape ...................................:      1
! SUMMARY-  product_related_product_category ...........................:      1
! SUMMARY-  shape_definition_representation ............................:      1
! SUMMARY-  shape_representation .......................................:      1
! SUMMARY-  shape_representation_relationship ..........................:      1
! SUMMARY-  si_unit_and_solid_angle_unit ...............................:      1
! SUMMARY-  surface_of_linear_extrusion ................................:    221
! SUMMARY-  toroidal_surface ...........................................:      4
! SUMMARY-  uncertainty_measure_with_unit ..............................:      1
! SUMMARY-  vector .....................................................:   2022
! SUMMARY-  vertex_point ...............................................:   1850
! SUMMARY-                                                               -------
! SUMMARY-  Total                                                          36205
! INFO-      
! INFO-     User interface/default file
! INFO-     Bspline aprx. value in effect for this translation : 2.540000e-002 mm
! INFO-      
! INFO-     Total number of solids input for this translation  :     141
! INFO-      
! INFO-     Number of solids processed without problems        :     141
! INFO-      
! INFO-     Number of solids with problems output as sheets    :       0
! INFO-      
! INFO-     Number of solids not processed                     :       0
! INFO-      
! INFO-     End of Translation: 24-MAR-2020  1:22:19 PM
! INFO-      
