UG to STEP
! INFO-     NX STEP AP214 - V8.5
! INFO-      
! INFO-     Start of Translation: 29-JUL-2020  2:59:23 PM
! INFO-      
! STATUS-   Converting Part: F:\Workspace\AltiumDesigner\AltiumDesigner_LIB\STP_UG\JLT28030A-V3.prt
! SUMMARY-   
! SUMMARY-  Summary of Unigraphics Part Entities
! SUMMARY-  For Part: F:\Workspace\AltiumDesigner\AltiumDesigner_LIB\STP_UG\JLT28030A-V3.prt 
! SUMMARY-  Entities Processed             Count
! SUMMARY-  ------------------             -----
! SUMMARY-  Part Attribute ..............:     1
! SUMMARY-  Font ........................:     1
! SUMMARY-  Color Table .................:     2
! SUMMARY-  Coordinate System ...........:     2
! SUMMARY-  Parameter ...................:     1
! SUMMARY-  Matrix ......................:     1
! SUMMARY-  Solid .......................:
! SUMMARY-     Body .....................:    38
! SUMMARY-                                 -----
! SUMMARY-  Total                             46
! STATUS-    
! STATUS-   Converting to Output Form (Phase 2 of 3): 29-JUL-2020 2:59:23 PM
! STATUS-    
! STATUS-    
! STATUS-   Generating UG geometry and placing them in parts
! STATUS-    
! SUMMARY-   
! SUMMARY-    STEP Header Information
! SUMMARY-   
! SUMMARY-  Description      Unknown
! SUMMARY-  Imp_Level        1
! SUMMARY-  File_Name        JLT28030A-V3.stp
! SUMMARY-  Date             2020-07-29T14:59:23+08:00
! SUMMARY-  Author           Unknown
! SUMMARY-  Organization     Unknown
! SUMMARY-  Pre_Version      ST-DEVELOPER v15
! SUMMARY-  Orig_System      SIEMENS PLM Software NX 8.5
! SUMMARY-  Authorization    Unknown
! SUMMARY-   
! SUMMARY-    Summary of STEP Entities
! SUMMARY-   
! SUMMARY-  Entity Type                                                   Count
! SUMMARY-  -----------                                                   ------
! SUMMARY-  advanced_brep_shape_representation .........................:      1
! SUMMARY-  advanced_face ..............................................:    452
! SUMMARY-  application_context ........................................:      1
! SUMMARY-  application_protocol_definition ............................:      1
! SUMMARY-  axis2_placement_3d .........................................:    310
! SUMMARY-  b_spline_curve_with_knots ..................................:    829
! SUMMARY-  b_spline_surface_with_knots ................................:      2
! SUMMARY-  cartesian_point ............................................:   6655
! SUMMARY-  circle .....................................................:      8
! SUMMARY-  closed_shell ...............................................:     38
! SUMMARY-  conversion_based_unit_and_plane_angle_unit .................:      1
! SUMMARY-  cylindrical_surface ........................................:      4
! SUMMARY-  dimensional_exponents ......................................:      1
! SUMMARY-  direction ..................................................:   1204
! SUMMARY-  edge_curve .................................................:   1123
! SUMMARY-  edge_loop ..................................................:    483
! SUMMARY-  face_bound .................................................:     62
! SUMMARY-  face_outer_bound ...........................................:    421
! SUMMARY-  geometric_representation_context_and_global_uncertainty_a ..:      1
! SUMMARY-  length_unit_and_si_unit ....................................:      1
! SUMMARY-  line .......................................................:    435
! SUMMARY-  manifold_solid_brep ........................................:     38
! SUMMARY-  oriented_edge ..............................................:   2246
! SUMMARY-  plane ......................................................:    297
! SUMMARY-  plane_angle_measure_with_unit ..............................:      1
! SUMMARY-  plane_angle_unit_and_si_unit ...............................:      1
! SUMMARY-  product ....................................................:      1
! SUMMARY-  product_context ............................................:      1
! SUMMARY-  product_definition .........................................:      1
! SUMMARY-  product_definition_context .................................:      1
! SUMMARY-  product_definition_formation_with_specified_source .........:      1
! SUMMARY-  product_definition_shape ...................................:      1
! SUMMARY-  product_related_product_category ...........................:      1
! SUMMARY-  shape_definition_representation ............................:      1
! SUMMARY-  shape_representation .......................................:      1
! SUMMARY-  shape_representation_relationship ..........................:      1
! SUMMARY-  si_unit_and_solid_angle_unit ...............................:      1
! SUMMARY-  surface_of_linear_extrusion ................................:    149
! SUMMARY-  uncertainty_measure_with_unit ..............................:      1
! SUMMARY-  vector .....................................................:    584
! SUMMARY-  vertex_point ...............................................:    750
! SUMMARY-                                                               -------
! SUMMARY-  Total                                                          16111
! INFO-      
! INFO-     User interface/default file
! INFO-     Bspline aprx. value in effect for this translation : 2.540000e-002 mm
! INFO-      
! INFO-     Total number of solids input for this translation  :      38
! INFO-      
! INFO-     Number of solids processed without problems        :      38
! INFO-      
! INFO-     Number of solids with problems output as sheets    :       0
! INFO-      
! INFO-     Number of solids not processed                     :       0
! INFO-      
! INFO-     End of Translation: 29-JUL-2020  2:59:24 PM
! INFO-      
