UG to STEP
! INFO-     NX STEP AP214 - V1899
! INFO-      
! INFO-     Start of Translation: 7-MAY-2021  2:02:13 PM
! INFO-      
! STATUS-   Converting Part: F:\Workspace\AltiumDesigner\AltiumDesigner_LIB\STP_UG\K510.prt
! SUMMARY-   
! SUMMARY-  Summary of Unigraphics Part Entities
! SUMMARY-  For Part: F:\Workspace\AltiumDesigner\AltiumDesigner_LIB\STP_UG\K510.prt 
! SUMMARY-  Entities Processed             Count
! SUMMARY-  ------------------             -----
! SUMMARY-  Part Attribute ..............:     1
! SUMMARY-  Font ........................:     1
! SUMMARY-  Color Table .................:     2
! SUMMARY-  Coordinate System ...........:     2
! SUMMARY-  Parameter ...................:     1
! SUMMARY-  Matrix ......................:     1
! SUMMARY-  Solid .......................:
! SUMMARY-     Body .....................:   584
! SUMMARY-                                 -----
! SUMMARY-  Total                            592
! STATUS-    
! STATUS-   Converting to Output Form (Phase 2 of 3): 7-MAY-2021 2:02:14 PM
! STATUS-    
! STATUS-    
! STATUS-   Generating UG geometry and placing them in parts
! STATUS-    
! SUMMARY-   
! SUMMARY-    STEP Header Information
! SUMMARY-   
! SUMMARY-  Description      Unknown
! SUMMARY-  Imp_Level        1
! SUMMARY-  File_Name        K510.stp
! SUMMARY-  Date             2021-05-07T14:02:14+08:00
! SUMMARY-  Author           Unknown
! SUMMARY-  Organization     Unknown
! SUMMARY-  Pre_Version      ST-DEVELOPER v16.7
! SUMMARY-  Orig_System      SIEMENS PLM Software NX 1899
! SUMMARY-  Authorization    Unknown
! SUMMARY-  Schema_ID        step_merged_cad_schema
! SUMMARY-   
! SUMMARY-    Summary of STEP Entities
! SUMMARY-   
! SUMMARY-  Entity Type                                                   Count
! SUMMARY-  -----------                                                   ------
! SUMMARY-  advanced_face ..............................................:   1449
! SUMMARY-  application_context ........................................:      1
! SUMMARY-  axis2_placement_3d .........................................:   1319
! SUMMARY-  b_spline_curve_with_knots ..................................:   1765
! SUMMARY-  cartesian_point ............................................:  12109
! SUMMARY-  circle .....................................................:      2
! SUMMARY-  closed_shell ...............................................:    584
! SUMMARY-  conversion_based_unit_and_plane_angle_unit .................:      1
! SUMMARY-  cylindrical_surface ........................................:      1
! SUMMARY-  dimensional_exponents ......................................:      1
! SUMMARY-  direction ..................................................:   3632
! SUMMARY-  edge_curve .................................................:   2495
! SUMMARY-  edge_loop ..................................................:    921
! SUMMARY-  face_bound .................................................:    595
! SUMMARY-  face_outer_bound ...........................................:    877
! SUMMARY-  geometric_representation_context_and_global_uncertainty_a ..:      1
! SUMMARY-  length_unit_and_si_unit ....................................:      1
! SUMMARY-  line .......................................................:    861
! SUMMARY-  manifold_solid_brep ........................................:    584
! SUMMARY-  oriented_edge ..............................................:   4990
! SUMMARY-  plane ......................................................:    764
! SUMMARY-  plane_angle_measure_with_unit ..............................:      1
! SUMMARY-  plane_angle_unit_and_si_unit ...............................:      1
! SUMMARY-  product ....................................................:      1
! SUMMARY-  product_context ............................................:      1
! SUMMARY-  product_definition .........................................:      1
! SUMMARY-  product_definition_context .................................:      1
! SUMMARY-  product_definition_formation_with_specified_source .........:      1
! SUMMARY-  product_definition_shape ...................................:      1
! SUMMARY-  product_related_product_category ...........................:      1
! SUMMARY-  si_unit_and_solid_angle_unit ...............................:      1
! SUMMARY-  spherical_surface ..........................................:    551
! SUMMARY-  surface_of_linear_extrusion ................................:    133
! SUMMARY-  uncertainty_measure_with_unit ..............................:      1
! SUMMARY-  vector .....................................................:    994
! SUMMARY-  vertex_loop ................................................:    551
! SUMMARY-  vertex_point ...............................................:   2215
! SUMMARY-                                                               -------
! SUMMARY-  Total                                                          37408
! WARNING-  Convergent/Facet bodies are not processed.
! INFO-      
! INFO-     User interface/default file
! INFO-     Bspline aprx. value in effect for this translation : 2.540000e-02 mm
! INFO-      
! INFO-     Total number of solids input for this translation  :     584
! INFO-      
! INFO-     Number of solids processed without problems        :     584
! INFO-      
! INFO-     Number of solids with problems output as sheets    :       0
! INFO-      
! INFO-     Number of solids not processed                     :       0
! INFO-      
! INFO-     End of Translation: 7-MAY-2021  2:02:15 PM
! INFO-      
