UG to STEP
! INFO-     NX STEP AP214 - V8.5
! INFO-      
! INFO-     Start of Translation: 25-MAR-2020  6:39:00 PM
! INFO-      
! STATUS-   Converting Part: E:\AltiumDesigner_LIB\STP_UG\LCD_TFT_144.prt
! SUMMARY-   
! SUMMARY-  Summary of Unigraphics Part Entities
! SUMMARY-  For Part: E:\AltiumDesigner_LIB\STP_UG\LCD_TFT_144.prt 
! SUMMARY-  Entities Processed             Count
! SUMMARY-  ------------------             -----
! SUMMARY-  Part Attribute ..............:     1
! SUMMARY-  Font ........................:     1
! SUMMARY-  Color Table .................:     2
! SUMMARY-  Coordinate System ...........:     2
! SUMMARY-  Parameter ...................:     1
! SUMMARY-  Matrix ......................:     1
! SUMMARY-  Solid .......................:
! SUMMARY-     Body .....................:    35
! SUMMARY-                                 -----
! SUMMARY-  Total                             43
! STATUS-    
! STATUS-   Converting to Output Form (Phase 2 of 3): 25-MAR-2020 6:39:00 PM
! STATUS-    
! STATUS-    
! STATUS-   Generating UG geometry and placing them in parts
! STATUS-    
! SUMMARY-   
! SUMMARY-    STEP Header Information
! SUMMARY-   
! SUMMARY-  Description      Unknown
! SUMMARY-  Imp_Level        1
! SUMMARY-  File_Name        LCD_TFT_144.stp
! SUMMARY-  Date             2020-03-25T18:39:00+08:00
! SUMMARY-  Author           Unknown
! SUMMARY-  Organization     Unknown
! SUMMARY-  Pre_Version      ST-DEVELOPER v15
! SUMMARY-  Orig_System      SIEMENS PLM Software NX 8.5
! SUMMARY-  Authorization    Unknown
! SUMMARY-   
! SUMMARY-    Summary of STEP Entities
! SUMMARY-   
! SUMMARY-  Entity Type                                                   Count
! SUMMARY-  -----------                                                   ------
! SUMMARY-  advanced_brep_shape_representation .........................:      1
! SUMMARY-  advanced_face ..............................................:    418
! SUMMARY-  application_context ........................................:      1
! SUMMARY-  application_protocol_definition ............................:      1
! SUMMARY-  axis2_placement_3d .........................................:    360
! SUMMARY-  b_spline_curve_with_knots ..................................:    433
! SUMMARY-  cartesian_point ............................................:   3992
! SUMMARY-  circle .....................................................:     30
! SUMMARY-  closed_shell ...............................................:     35
! SUMMARY-  conversion_based_unit_and_plane_angle_unit .................:      1
! SUMMARY-  cylindrical_surface ........................................:     10
! SUMMARY-  dimensional_exponents ......................................:      1
! SUMMARY-  direction ..................................................:   1478
! SUMMARY-  edge_curve .................................................:   1041
! SUMMARY-  edge_loop ..................................................:    432
! SUMMARY-  ellipse ....................................................:      2
! SUMMARY-  face_bound .................................................:     28
! SUMMARY-  face_outer_bound ...........................................:    404
! SUMMARY-  geometric_representation_context_and_global_uncertainty_a ..:      1
! SUMMARY-  length_unit_and_si_unit ....................................:      1
! SUMMARY-  line .......................................................:    667
! SUMMARY-  manifold_solid_brep ........................................:     35
! SUMMARY-  oriented_edge ..............................................:   2082
! SUMMARY-  plane ......................................................:    317
! SUMMARY-  plane_angle_measure_with_unit ..............................:      1
! SUMMARY-  plane_angle_unit_and_si_unit ...............................:      1
! SUMMARY-  product ....................................................:      1
! SUMMARY-  product_context ............................................:      1
! SUMMARY-  product_definition .........................................:      1
! SUMMARY-  product_definition_context .................................:      1
! SUMMARY-  product_definition_formation_with_specified_source .........:      1
! SUMMARY-  product_definition_shape ...................................:      1
! SUMMARY-  product_related_product_category ...........................:      1
! SUMMARY-  shape_definition_representation ............................:      1
! SUMMARY-  shape_representation .......................................:      1
! SUMMARY-  shape_representation_relationship ..........................:      1
! SUMMARY-  si_unit_and_solid_angle_unit ...............................:      1
! SUMMARY-  surface_of_linear_extrusion ................................:     91
! SUMMARY-  uncertainty_measure_with_unit ..............................:      1
! SUMMARY-  vector .....................................................:    758
! SUMMARY-  vertex_point ...............................................:    693
! SUMMARY-                                                               -------
! SUMMARY-  Total                                                          13327
! INFO-      
! INFO-     User interface/default file
! INFO-     Bspline aprx. value in effect for this translation : 2.540000e-002 mm
! INFO-      
! INFO-     Total number of solids input for this translation  :      35
! INFO-      
! INFO-     Number of solids processed without problems        :      35
! INFO-      
! INFO-     Number of solids with problems output as sheets    :       0
! INFO-      
! INFO-     Number of solids not processed                     :       0
! INFO-      
! INFO-     End of Translation: 25-MAR-2020  6:39:01 PM
! INFO-      
